<?xml version="1.0" encoding="UTF-8"?>
<testng-results skipped="0" failed="0" ignored="0" total="127" passed="127">
  <reporter-output>
  </reporter-output>
  <suite name="Default suite" duration-ms="1204069" started-at="2018-11-12T08:15:10Z" finished-at="2018-11-12T08:35:14Z">
    <groups>
    </groups>
    <test name="Default test" duration-ms="1204069" started-at="2018-11-12T08:15:10Z" finished-at="2018-11-12T08:35:14Z">
      <class name="com.mca.extraction.CinFinal1">
        <test-method status="PASS" signature="setup()[pri:0, instance:com.mca.extraction.CinFinal1@146ba0ac]" name="setup" is-config="true" duration-ms="8092" started-at="2018-11-12T08:15:02Z" finished-at="2018-11-12T08:15:10Z">
          <reporter-output>
          </reporter-output>
        </test-method> <!-- setup -->
        <test-method status="PASS" signature="function1(java.lang.String, java.lang.String)[pri:0, instance:com.mca.extraction.CinFinal1@146ba0ac]" name="function1" duration-ms="8381" started-at="2018-11-12T08:15:12Z" data-provider="getTestData" finished-at="2018-11-12T08:15:21Z">
          <params>
            <param index="0">
              <value>
                <![CDATA[SP4]]>
              </value>
            </param>
            <param index="1">
              <value>
                <![CDATA[WESTERN BIO SYSTEMS ECOBOARD INDUS]]>
              </value>
            </param>
          </params>
          <reporter-output>
          </reporter-output>
        </test-method> <!-- function1 -->
        <test-method status="PASS" signature="function1(java.lang.String, java.lang.String)[pri:0, instance:com.mca.extraction.CinFinal1@146ba0ac]" name="function1" duration-ms="5240" started-at="2018-11-12T08:15:21Z" data-provider="getTestData" finished-at="2018-11-12T08:15:26Z">
          <params>
            <param index="0">
              <value>
                <![CDATA[SP4]]>
              </value>
            </param>
            <param index="1">
              <value>
                <![CDATA[SUYOG GEOGRAPHIC INFMN SYSTEMS P LT]]>
              </value>
            </param>
          </params>
          <reporter-output>
          </reporter-output>
        </test-method> <!-- function1 -->
        <test-method status="PASS" signature="function1(java.lang.String, java.lang.String)[pri:0, instance:com.mca.extraction.CinFinal1@146ba0ac]" name="function1" duration-ms="19425" started-at="2018-11-12T08:15:26Z" data-provider="getTestData" finished-at="2018-11-12T08:15:45Z">
          <params>
            <param index="0">
              <value>
                <![CDATA[SP4]]>
              </value>
            </param>
            <param index="1">
              <value>
                <![CDATA[SEARCH CHEM]]>
              </value>
            </param>
          </params>
          <reporter-output>
          </reporter-output>
        </test-method> <!-- function1 -->
        <test-method status="PASS" signature="function1(java.lang.String, java.lang.String)[pri:0, instance:com.mca.extraction.CinFinal1@146ba0ac]" name="function1" duration-ms="18565" started-at="2018-11-12T08:15:45Z" data-provider="getTestData" finished-at="2018-11-12T08:16:04Z">
          <params>
            <param index="0">
              <value>
                <![CDATA[SP4]]>
              </value>
            </param>
            <param index="1">
              <value>
                <![CDATA[SEARCH CHEM LTD]]>
              </value>
            </param>
          </params>
          <reporter-output>
          </reporter-output>
        </test-method> <!-- function1 -->
        <test-method status="PASS" signature="function1(java.lang.String, java.lang.String)[pri:0, instance:com.mca.extraction.CinFinal1@146ba0ac]" name="function1" duration-ms="6863" started-at="2018-11-12T08:16:04Z" data-provider="getTestData" finished-at="2018-11-12T08:16:11Z">
          <params>
            <param index="0">
              <value>
                <![CDATA[SP4]]>
              </value>
            </param>
            <param index="1">
              <value>
                <![CDATA[SECALS LTD]]>
              </value>
            </param>
          </params>
          <reporter-output>
          </reporter-output>
        </test-method> <!-- function1 -->
        <test-method status="PASS" signature="function1(java.lang.String, java.lang.String)[pri:0, instance:com.mca.extraction.CinFinal1@146ba0ac]" name="function1" duration-ms="7170" started-at="2018-11-12T08:16:11Z" data-provider="getTestData" finished-at="2018-11-12T08:16:18Z">
          <params>
            <param index="0">
              <value>
                <![CDATA[SP4]]>
              </value>
            </param>
            <param index="1">
              <value>
                <![CDATA[SWALOL HINDUSTAN LTD]]>
              </value>
            </param>
          </params>
          <reporter-output>
          </reporter-output>
        </test-method> <!-- function1 -->
        <test-method status="PASS" signature="function1(java.lang.String, java.lang.String)[pri:0, instance:com.mca.extraction.CinFinal1@146ba0ac]" name="function1" duration-ms="5820" started-at="2018-11-12T08:16:18Z" data-provider="getTestData" finished-at="2018-11-12T08:16:24Z">
          <params>
            <param index="0">
              <value>
                <![CDATA[SP4]]>
              </value>
            </param>
            <param index="1">
              <value>
                <![CDATA[SEEMA INDUSTRIES LTD]]>
              </value>
            </param>
          </params>
          <reporter-output>
          </reporter-output>
        </test-method> <!-- function1 -->
        <test-method status="PASS" signature="function1(java.lang.String, java.lang.String)[pri:0, instance:com.mca.extraction.CinFinal1@146ba0ac]" name="function1" duration-ms="5012" started-at="2018-11-12T08:16:24Z" data-provider="getTestData" finished-at="2018-11-12T08:16:29Z">
          <params>
            <param index="0">
              <value>
                <![CDATA[SP4]]>
              </value>
            </param>
            <param index="1">
              <value>
                <![CDATA[SYBLY SPINNING MILLS LTD]]>
              </value>
            </param>
          </params>
          <reporter-output>
          </reporter-output>
        </test-method> <!-- function1 -->
        <test-method status="PASS" signature="function1(java.lang.String, java.lang.String)[pri:0, instance:com.mca.extraction.CinFinal1@146ba0ac]" name="function1" duration-ms="19458" started-at="2018-11-12T08:16:29Z" data-provider="getTestData" finished-at="2018-11-12T08:16:48Z">
          <params>
            <param index="0">
              <value>
                <![CDATA[SP4]]>
              </value>
            </param>
            <param index="1">
              <value>
                <![CDATA[SESHAN SUBRAMANIAN AND ASSOCIATES]]>
              </value>
            </param>
          </params>
          <reporter-output>
          </reporter-output>
        </test-method> <!-- function1 -->
        <test-method status="PASS" signature="function1(java.lang.String, java.lang.String)[pri:0, instance:com.mca.extraction.CinFinal1@146ba0ac]" name="function1" duration-ms="5253" started-at="2018-11-12T08:16:48Z" data-provider="getTestData" finished-at="2018-11-12T08:16:54Z">
          <params>
            <param index="0">
              <value>
                <![CDATA[SP4]]>
              </value>
            </param>
            <param index="1">
              <value>
                <![CDATA[SETPRO18]]>
              </value>
            </param>
          </params>
          <reporter-output>
          </reporter-output>
        </test-method> <!-- function1 -->
        <test-method status="PASS" signature="function1(java.lang.String, java.lang.String)[pri:0, instance:com.mca.extraction.CinFinal1@146ba0ac]" name="function1" duration-ms="16855" started-at="2018-11-12T08:16:54Z" data-provider="getTestData" finished-at="2018-11-12T08:17:10Z">
          <params>
            <param index="0">
              <value>
                <![CDATA[SP4]]>
              </value>
            </param>
            <param index="1">
              <value>
                <![CDATA[SYNGENSIS ORGAN INDIA LTD]]>
              </value>
            </param>
          </params>
          <reporter-output>
          </reporter-output>
        </test-method> <!-- function1 -->
        <test-method status="PASS" signature="function1(java.lang.String, java.lang.String)[pri:0, instance:com.mca.extraction.CinFinal1@146ba0ac]" name="function1" duration-ms="5778" started-at="2018-11-12T08:17:10Z" data-provider="getTestData" finished-at="2018-11-12T08:17:16Z">
          <params>
            <param index="0">
              <value>
                <![CDATA[SP4]]>
              </value>
            </param>
            <param index="1">
              <value>
                <![CDATA[WESTING HOUSE SAXBY FARMER LTD]]>
              </value>
            </param>
          </params>
          <reporter-output>
          </reporter-output>
        </test-method> <!-- function1 -->
        <test-method status="PASS" signature="function1(java.lang.String, java.lang.String)[pri:0, instance:com.mca.extraction.CinFinal1@146ba0ac]" name="function1" duration-ms="4859" started-at="2018-11-12T08:17:16Z" data-provider="getTestData" finished-at="2018-11-12T08:17:21Z">
          <params>
            <param index="0">
              <value>
                <![CDATA[SP4]]>
              </value>
            </param>
            <param index="1">
              <value>
                <![CDATA[SYSTEMATIC MANPORT CONT]]>
              </value>
            </param>
          </params>
          <reporter-output>
          </reporter-output>
        </test-method> <!-- function1 -->
        <test-method status="PASS" signature="function1(java.lang.String, java.lang.String)[pri:0, instance:com.mca.extraction.CinFinal1@146ba0ac]" name="function1" duration-ms="5287" started-at="2018-11-12T08:17:21Z" data-provider="getTestData" finished-at="2018-11-12T08:17:26Z">
          <params>
            <param index="0">
              <value>
                <![CDATA[SP4]]>
              </value>
            </param>
            <param index="1">
              <value>
                <![CDATA[SHAGOON BUSINESS ENT]]>
              </value>
            </param>
          </params>
          <reporter-output>
          </reporter-output>
        </test-method> <!-- function1 -->
        <test-method status="PASS" signature="function1(java.lang.String, java.lang.String)[pri:0, instance:com.mca.extraction.CinFinal1@146ba0ac]" name="function1" duration-ms="5370" started-at="2018-11-12T08:17:26Z" data-provider="getTestData" finished-at="2018-11-12T08:17:32Z">
          <params>
            <param index="0">
              <value>
                <![CDATA[SP4]]>
              </value>
            </param>
            <param index="1">
              <value>
                <![CDATA[SHAH AND GARG]]>
              </value>
            </param>
          </params>
          <reporter-output>
          </reporter-output>
        </test-method> <!-- function1 -->
        <test-method status="PASS" signature="function1(java.lang.String, java.lang.String)[pri:0, instance:com.mca.extraction.CinFinal1@146ba0ac]" name="function1" duration-ms="4857" started-at="2018-11-12T08:17:32Z" data-provider="getTestData" finished-at="2018-11-12T08:17:37Z">
          <params>
            <param index="0">
              <value>
                <![CDATA[SP4]]>
              </value>
            </param>
            <param index="1">
              <value>
                <![CDATA[T S MAHALINGAM AND SONS COIMBATORE]]>
              </value>
            </param>
          </params>
          <reporter-output>
          </reporter-output>
        </test-method> <!-- function1 -->
        <test-method status="PASS" signature="function1(java.lang.String, java.lang.String)[pri:0, instance:com.mca.extraction.CinFinal1@146ba0ac]" name="function1" duration-ms="4888" started-at="2018-11-12T08:17:37Z" data-provider="getTestData" finished-at="2018-11-12T08:17:41Z">
          <params>
            <param index="0">
              <value>
                <![CDATA[SP4]]>
              </value>
            </param>
            <param index="1">
              <value>
                <![CDATA[SHAH COMMATRADE PVT LTD]]>
              </value>
            </param>
          </params>
          <reporter-output>
          </reporter-output>
        </test-method> <!-- function1 -->
        <test-method status="PASS" signature="function1(java.lang.String, java.lang.String)[pri:0, instance:com.mca.extraction.CinFinal1@146ba0ac]" name="function1" duration-ms="50255" started-at="2018-11-12T08:17:41Z" data-provider="getTestData" finished-at="2018-11-12T08:18:32Z">
          <params>
            <param index="0">
              <value>
                <![CDATA[SP4]]>
              </value>
            </param>
            <param index="1">
              <value>
                <![CDATA[TADCON VALCO]]>
              </value>
            </param>
          </params>
          <reporter-output>
          </reporter-output>
        </test-method> <!-- function1 -->
        <test-method status="PASS" signature="function1(java.lang.String, java.lang.String)[pri:0, instance:com.mca.extraction.CinFinal1@146ba0ac]" name="function1" duration-ms="5328" started-at="2018-11-12T08:18:32Z" data-provider="getTestData" finished-at="2018-11-12T08:18:37Z">
          <params>
            <param index="0">
              <value>
                <![CDATA[SP4]]>
              </value>
            </param>
            <param index="1">
              <value>
                <![CDATA[WIPRO 14 MATHURA ROAD F BAD]]>
              </value>
            </param>
          </params>
          <reporter-output>
          </reporter-output>
        </test-method> <!-- function1 -->
        <test-method status="PASS" signature="function1(java.lang.String, java.lang.String)[pri:0, instance:com.mca.extraction.CinFinal1@146ba0ac]" name="function1" duration-ms="5517" started-at="2018-11-12T08:18:37Z" data-provider="getTestData" finished-at="2018-11-12T08:18:43Z">
          <params>
            <param index="0">
              <value>
                <![CDATA[SP4]]>
              </value>
            </param>
            <param index="1">
              <value>
                <![CDATA[TAG P LTD KASTURBA HOSPITAL LALWANI SHAVAN]]>
              </value>
            </param>
          </params>
          <reporter-output>
          </reporter-output>
        </test-method> <!-- function1 -->
        <test-method status="PASS" signature="function1(java.lang.String, java.lang.String)[pri:0, instance:com.mca.extraction.CinFinal1@146ba0ac]" name="function1" duration-ms="4611" started-at="2018-11-12T08:18:43Z" data-provider="getTestData" finished-at="2018-11-12T08:18:47Z">
          <params>
            <param index="0">
              <value>
                <![CDATA[SP4]]>
              </value>
            </param>
            <param index="1">
              <value>
                <![CDATA[SHANKAR PACKARS]]>
              </value>
            </param>
          </params>
          <reporter-output>
          </reporter-output>
        </test-method> <!-- function1 -->
        <test-method status="PASS" signature="function1(java.lang.String, java.lang.String)[pri:0, instance:com.mca.extraction.CinFinal1@146ba0ac]" name="function1" duration-ms="4819" started-at="2018-11-12T08:18:47Z" data-provider="getTestData" finished-at="2018-11-12T08:18:52Z">
          <params>
            <param index="0">
              <value>
                <![CDATA[SP4]]>
              </value>
            </param>
            <param index="1">
              <value>
                <![CDATA[SHANTAM DISTRIBUTORS]]>
              </value>
            </param>
          </params>
          <reporter-output>
          </reporter-output>
        </test-method> <!-- function1 -->
        <test-method status="PASS" signature="function1(java.lang.String, java.lang.String)[pri:0, instance:com.mca.extraction.CinFinal1@146ba0ac]" name="function1" duration-ms="5525" started-at="2018-11-12T08:18:52Z" data-provider="getTestData" finished-at="2018-11-12T08:18:58Z">
          <params>
            <param index="0">
              <value>
                <![CDATA[SP4]]>
              </value>
            </param>
            <param index="1">
              <value>
                <![CDATA[TAI ORGANICS OLDNO 124 NEWNO 257 2ND FLR MANNAD]]>
              </value>
            </param>
          </params>
          <reporter-output>
          </reporter-output>
        </test-method> <!-- function1 -->
        <test-method status="PASS" signature="function1(java.lang.String, java.lang.String)[pri:0, instance:com.mca.extraction.CinFinal1@146ba0ac]" name="function1" duration-ms="5004" started-at="2018-11-12T08:18:58Z" data-provider="getTestData" finished-at="2018-11-12T08:19:03Z">
          <params>
            <param index="0">
              <value>
                <![CDATA[SP4]]>
              </value>
            </param>
            <param index="1">
              <value>
                <![CDATA[Y CHEM AGENCIES 160 GANGADESWARAR KOIL ST]]>
              </value>
            </param>
          </params>
          <reporter-output>
          </reporter-output>
        </test-method> <!-- function1 -->
        <test-method status="PASS" signature="function1(java.lang.String, java.lang.String)[pri:0, instance:com.mca.extraction.CinFinal1@146ba0ac]" name="function1" duration-ms="4433" started-at="2018-11-12T08:19:03Z" data-provider="getTestData" finished-at="2018-11-12T08:19:07Z">
          <params>
            <param index="0">
              <value>
                <![CDATA[SP4]]>
              </value>
            </param>
            <param index="1">
              <value>
                <![CDATA[Y IYER AND CO]]>
              </value>
            </param>
          </params>
          <reporter-output>
          </reporter-output>
        </test-method> <!-- function1 -->
        <test-method status="PASS" signature="function1(java.lang.String, java.lang.String)[pri:0, instance:com.mca.extraction.CinFinal1@146ba0ac]" name="function1" duration-ms="23319" started-at="2018-11-12T08:19:07Z" data-provider="getTestData" finished-at="2018-11-12T08:19:30Z">
          <params>
            <param index="0">
              <value>
                <![CDATA[SP4]]>
              </value>
            </param>
            <param index="1">
              <value>
                <![CDATA[SHARDAE VENTURES INC ROAD TOWN TORTOLA VIRGIN ISLANDS BRITISH; CARRERA 63 NO 17 07 BOGOTA COLOMBIA [SDNT]]]>
              </value>
            </param>
          </params>
          <reporter-output>
          </reporter-output>
        </test-method> <!-- function1 -->
        <test-method status="PASS" signature="function1(java.lang.String, java.lang.String)[pri:0, instance:com.mca.extraction.CinFinal1@146ba0ac]" name="function1" duration-ms="4511" started-at="2018-11-12T08:19:30Z" data-provider="getTestData" finished-at="2018-11-12T08:19:35Z">
          <params>
            <param index="0">
              <value>
                <![CDATA[SP4]]>
              </value>
            </param>
            <param index="1">
              <value>
                <![CDATA[SHARMA INVESTIGATIONS]]>
              </value>
            </param>
          </params>
          <reporter-output>
          </reporter-output>
        </test-method> <!-- function1 -->
        <test-method status="PASS" signature="function1(java.lang.String, java.lang.String)[pri:0, instance:com.mca.extraction.CinFinal1@146ba0ac]" name="function1" duration-ms="6553" started-at="2018-11-12T08:19:35Z" data-provider="getTestData" finished-at="2018-11-12T08:19:41Z">
          <params>
            <param index="0">
              <value>
                <![CDATA[SP4]]>
              </value>
            </param>
            <param index="1">
              <value>
                <![CDATA[YUKTI TECH]]>
              </value>
            </param>
          </params>
          <reporter-output>
          </reporter-output>
        </test-method> <!-- function1 -->
        <test-method status="PASS" signature="function1(java.lang.String, java.lang.String)[pri:0, instance:com.mca.extraction.CinFinal1@146ba0ac]" name="function1" duration-ms="4605" started-at="2018-11-12T08:19:41Z" data-provider="getTestData" finished-at="2018-11-12T08:19:46Z">
          <params>
            <param index="0">
              <value>
                <![CDATA[SP4]]>
              </value>
            </param>
            <param index="1">
              <value>
                <![CDATA[ZALANI]]>
              </value>
            </param>
          </params>
          <reporter-output>
          </reporter-output>
        </test-method> <!-- function1 -->
        <test-method status="PASS" signature="function1(java.lang.String, java.lang.String)[pri:0, instance:com.mca.extraction.CinFinal1@146ba0ac]" name="function1" duration-ms="4599" started-at="2018-11-12T08:19:46Z" data-provider="getTestData" finished-at="2018-11-12T08:19:51Z">
          <params>
            <param index="0">
              <value>
                <![CDATA[SP4]]>
              </value>
            </param>
            <param index="1">
              <value>
                <![CDATA[ZALANI SERVICES PVT LTD]]>
              </value>
            </param>
          </params>
          <reporter-output>
          </reporter-output>
        </test-method> <!-- function1 -->
        <test-method status="PASS" signature="function1(java.lang.String, java.lang.String)[pri:0, instance:com.mca.extraction.CinFinal1@146ba0ac]" name="function1" duration-ms="5067" started-at="2018-11-12T08:19:51Z" data-provider="getTestData" finished-at="2018-11-12T08:19:56Z">
          <params>
            <param index="0">
              <value>
                <![CDATA[SP4]]>
              </value>
            </param>
            <param index="1">
              <value>
                <![CDATA[TAMURE STEELS NO 55 ANGAPPA NAICKEN ST]]>
              </value>
            </param>
          </params>
          <reporter-output>
          </reporter-output>
        </test-method> <!-- function1 -->
        <test-method status="PASS" signature="function1(java.lang.String, java.lang.String)[pri:0, instance:com.mca.extraction.CinFinal1@146ba0ac]" name="function1" duration-ms="5055" started-at="2018-11-12T08:19:56Z" data-provider="getTestData" finished-at="2018-11-12T08:20:01Z">
          <params>
            <param index="0">
              <value>
                <![CDATA[SP4]]>
              </value>
            </param>
            <param index="1">
              <value>
                <![CDATA[ZANDU PHARMA / PIDILITE MUM]]>
              </value>
            </param>
          </params>
          <reporter-output>
          </reporter-output>
        </test-method> <!-- function1 -->
        <test-method status="PASS" signature="function1(java.lang.String, java.lang.String)[pri:0, instance:com.mca.extraction.CinFinal1@146ba0ac]" name="function1" duration-ms="4622" started-at="2018-11-12T08:20:01Z" data-provider="getTestData" finished-at="2018-11-12T08:20:05Z">
          <params>
            <param index="0">
              <value>
                <![CDATA[SP4]]>
              </value>
            </param>
            <param index="1">
              <value>
                <![CDATA[TARGET MARKETING]]>
              </value>
            </param>
          </params>
          <reporter-output>
          </reporter-output>
        </test-method> <!-- function1 -->
        <test-method status="PASS" signature="function1(java.lang.String, java.lang.String)[pri:0, instance:com.mca.extraction.CinFinal1@146ba0ac]" name="function1" duration-ms="4840" started-at="2018-11-12T08:20:05Z" data-provider="getTestData" finished-at="2018-11-12T08:20:10Z">
          <params>
            <param index="0">
              <value>
                <![CDATA[SP4]]>
              </value>
            </param>
            <param index="1">
              <value>
                <![CDATA[TARUN CREDIT SERVICES]]>
              </value>
            </param>
          </params>
          <reporter-output>
          </reporter-output>
        </test-method> <!-- function1 -->
        <test-method status="PASS" signature="function1(java.lang.String, java.lang.String)[pri:0, instance:com.mca.extraction.CinFinal1@146ba0ac]" name="function1" duration-ms="4529" started-at="2018-11-12T08:20:10Z" data-provider="getTestData" finished-at="2018-11-12T08:20:15Z">
          <params>
            <param index="0">
              <value>
                <![CDATA[SP4]]>
              </value>
            </param>
            <param index="1">
              <value>
                <![CDATA[TARUN VANIJYA PVT LTD]]>
              </value>
            </param>
          </params>
          <reporter-output>
          </reporter-output>
        </test-method> <!-- function1 -->
        <test-method status="PASS" signature="function1(java.lang.String, java.lang.String)[pri:0, instance:com.mca.extraction.CinFinal1@146ba0ac]" name="function1" duration-ms="19547" started-at="2018-11-12T08:20:15Z" data-provider="getTestData" finished-at="2018-11-12T08:20:34Z">
          <params>
            <param index="0">
              <value>
                <![CDATA[SP4]]>
              </value>
            </param>
            <param index="1">
              <value>
                <![CDATA[ZELLWEGER USTER]]>
              </value>
            </param>
          </params>
          <reporter-output>
          </reporter-output>
        </test-method> <!-- function1 -->
        <test-method status="PASS" signature="function1(java.lang.String, java.lang.String)[pri:0, instance:com.mca.extraction.CinFinal1@146ba0ac]" name="function1" duration-ms="5562" started-at="2018-11-12T08:20:34Z" data-provider="getTestData" finished-at="2018-11-12T08:20:40Z">
          <params>
            <param index="0">
              <value>
                <![CDATA[SP4]]>
              </value>
            </param>
            <param index="1">
              <value>
                <![CDATA[TATA TELESERVICES MAHARASHTRA LTD]]>
              </value>
            </param>
          </params>
          <reporter-output>
          </reporter-output>
        </test-method> <!-- function1 -->
        <test-method status="PASS" signature="function1(java.lang.String, java.lang.String)[pri:0, instance:com.mca.extraction.CinFinal1@146ba0ac]" name="function1" duration-ms="21513" started-at="2018-11-12T08:20:40Z" data-provider="getTestData" finished-at="2018-11-12T08:21:01Z">
          <params>
            <param index="0">
              <value>
                <![CDATA[SP4]]>
              </value>
            </param>
            <param index="1">
              <value>
                <![CDATA[SHIRISH PATHARE]]>
              </value>
            </param>
          </params>
          <reporter-output>
          </reporter-output>
        </test-method> <!-- function1 -->
        <test-method status="PASS" signature="function1(java.lang.String, java.lang.String)[pri:0, instance:com.mca.extraction.CinFinal1@146ba0ac]" name="function1" duration-ms="5623" started-at="2018-11-12T08:21:01Z" data-provider="getTestData" finished-at="2018-11-12T08:21:07Z">
          <params>
            <param index="0">
              <value>
                <![CDATA[SP4]]>
              </value>
            </param>
            <param index="1">
              <value>
                <![CDATA[TCS LTD NO 100 FEET RD VADAPALANI]]>
              </value>
            </param>
          </params>
          <reporter-output>
          </reporter-output>
        </test-method> <!-- function1 -->
        <test-method status="PASS" signature="function1(java.lang.String, java.lang.String)[pri:0, instance:com.mca.extraction.CinFinal1@146ba0ac]" name="function1" duration-ms="6706" started-at="2018-11-12T08:21:07Z" data-provider="getTestData" finished-at="2018-11-12T08:21:14Z">
          <params>
            <param index="0">
              <value>
                <![CDATA[SP4]]>
              </value>
            </param>
            <param index="1">
              <value>
                <![CDATA[SHREE ACIDS AND CHEM LTD]]>
              </value>
            </param>
          </params>
          <reporter-output>
          </reporter-output>
        </test-method> <!-- function1 -->
        <test-method status="PASS" signature="function1(java.lang.String, java.lang.String)[pri:0, instance:com.mca.extraction.CinFinal1@146ba0ac]" name="function1" duration-ms="5712" started-at="2018-11-12T08:21:14Z" data-provider="getTestData" finished-at="2018-11-12T08:21:19Z">
          <params>
            <param index="0">
              <value>
                <![CDATA[SP4]]>
              </value>
            </param>
            <param index="1">
              <value>
                <![CDATA[SHREE BALAJI ENTPR R NO 120 6TH FLR 207 MAHARSHI D]]>
              </value>
            </param>
          </params>
          <reporter-output>
          </reporter-output>
        </test-method> <!-- function1 -->
        <test-method status="PASS" signature="function1(java.lang.String, java.lang.String)[pri:0, instance:com.mca.extraction.CinFinal1@146ba0ac]" name="function1" duration-ms="6148" started-at="2018-11-12T08:21:19Z" data-provider="getTestData" finished-at="2018-11-12T08:21:25Z">
          <params>
            <param index="0">
              <value>
                <![CDATA[SP4]]>
              </value>
            </param>
            <param index="1">
              <value>
                <![CDATA[SHREE FINANCIALS]]>
              </value>
            </param>
          </params>
          <reporter-output>
          </reporter-output>
        </test-method> <!-- function1 -->
        <test-method status="PASS" signature="function1(java.lang.String, java.lang.String)[pri:0, instance:com.mca.extraction.CinFinal1@146ba0ac]" name="function1" duration-ms="4912" started-at="2018-11-12T08:21:25Z" data-provider="getTestData" finished-at="2018-11-12T08:21:30Z">
          <params>
            <param index="0">
              <value>
                <![CDATA[SP4]]>
              </value>
            </param>
            <param index="1">
              <value>
                <![CDATA[SHREE LAKSHMI COOP BANK]]>
              </value>
            </param>
          </params>
          <reporter-output>
          </reporter-output>
        </test-method> <!-- function1 -->
        <test-method status="PASS" signature="function1(java.lang.String, java.lang.String)[pri:0, instance:com.mca.extraction.CinFinal1@146ba0ac]" name="function1" duration-ms="4695" started-at="2018-11-12T08:21:30Z" data-provider="getTestData" finished-at="2018-11-12T08:21:35Z">
          <params>
            <param index="0">
              <value>
                <![CDATA[SP4]]>
              </value>
            </param>
            <param index="1">
              <value>
                <![CDATA[TESSARACK DESIGN]]>
              </value>
            </param>
          </params>
          <reporter-output>
          </reporter-output>
        </test-method> <!-- function1 -->
        <test-method status="PASS" signature="function1(java.lang.String, java.lang.String)[pri:0, instance:com.mca.extraction.CinFinal1@146ba0ac]" name="function1" duration-ms="5093" started-at="2018-11-12T08:21:35Z" data-provider="getTestData" finished-at="2018-11-12T08:21:40Z">
          <params>
            <param index="0">
              <value>
                <![CDATA[SP4]]>
              </value>
            </param>
            <param index="1">
              <value>
                <![CDATA[THAKKER S DEVELOPERS LTD]]>
              </value>
            </param>
          </params>
          <reporter-output>
          </reporter-output>
        </test-method> <!-- function1 -->
        <test-method status="PASS" signature="function1(java.lang.String, java.lang.String)[pri:0, instance:com.mca.extraction.CinFinal1@146ba0ac]" name="function1" duration-ms="5554" started-at="2018-11-12T08:21:40Z" data-provider="getTestData" finished-at="2018-11-12T08:21:46Z">
          <params>
            <param index="0">
              <value>
                <![CDATA[SP4]]>
              </value>
            </param>
            <param index="1">
              <value>
                <![CDATA[SHREE RAM AND RAM PHARMA P LTD 28 DR RADHAKRISHA]]>
              </value>
            </param>
          </params>
          <reporter-output>
          </reporter-output>
        </test-method> <!-- function1 -->
        <test-method status="PASS" signature="function1(java.lang.String, java.lang.String)[pri:0, instance:com.mca.extraction.CinFinal1@146ba0ac]" name="function1" duration-ms="5253" started-at="2018-11-12T08:21:46Z" data-provider="getTestData" finished-at="2018-11-12T08:21:51Z">
          <params>
            <param index="0">
              <value>
                <![CDATA[SP4]]>
              </value>
            </param>
            <param index="1">
              <value>
                <![CDATA[THE FRIENDS COOPERATIVE BANK LTD]]>
              </value>
            </param>
          </params>
          <reporter-output>
          </reporter-output>
        </test-method> <!-- function1 -->
        <test-method status="PASS" signature="function1(java.lang.String, java.lang.String)[pri:0, instance:com.mca.extraction.CinFinal1@146ba0ac]" name="function1" duration-ms="5090" started-at="2018-11-12T08:21:51Z" data-provider="getTestData" finished-at="2018-11-12T08:21:56Z">
          <params>
            <param index="0">
              <value>
                <![CDATA[SP4]]>
              </value>
            </param>
            <param index="1">
              <value>
                <![CDATA[THE HOME OFFICE]]>
              </value>
            </param>
          </params>
          <reporter-output>
          </reporter-output>
        </test-method> <!-- function1 -->
        <test-method status="PASS" signature="function1(java.lang.String, java.lang.String)[pri:0, instance:com.mca.extraction.CinFinal1@146ba0ac]" name="function1" duration-ms="5650" started-at="2018-11-12T08:21:56Z" data-provider="getTestData" finished-at="2018-11-12T08:22:02Z">
          <params>
            <param index="0">
              <value>
                <![CDATA[SP4]]>
              </value>
            </param>
            <param index="1">
              <value>
                <![CDATA[SHREENATH ELECTRONIC P LTD MUM]]>
              </value>
            </param>
          </params>
          <reporter-output>
          </reporter-output>
        </test-method> <!-- function1 -->
        <test-method status="PASS" signature="function1(java.lang.String, java.lang.String)[pri:0, instance:com.mca.extraction.CinFinal1@146ba0ac]" name="function1" duration-ms="4994" started-at="2018-11-12T08:22:02Z" data-provider="getTestData" finished-at="2018-11-12T08:22:07Z">
          <params>
            <param index="0">
              <value>
                <![CDATA[SP4]]>
              </value>
            </param>
            <param index="1">
              <value>
                <![CDATA[SHRESHTH INTERNATIONAL]]>
              </value>
            </param>
          </params>
          <reporter-output>
          </reporter-output>
        </test-method> <!-- function1 -->
        <test-method status="PASS" signature="function1(java.lang.String, java.lang.String)[pri:0, instance:com.mca.extraction.CinFinal1@146ba0ac]" name="function1" duration-ms="4862" started-at="2018-11-12T08:22:07Z" data-provider="getTestData" finished-at="2018-11-12T08:22:12Z">
          <params>
            <param index="0">
              <value>
                <![CDATA[SP4]]>
              </value>
            </param>
            <param index="1">
              <value>
                <![CDATA[THE LOAN SHOP]]>
              </value>
            </param>
          </params>
          <reporter-output>
          </reporter-output>
        </test-method> <!-- function1 -->
        <test-method status="PASS" signature="function1(java.lang.String, java.lang.String)[pri:0, instance:com.mca.extraction.CinFinal1@146ba0ac]" name="function1" duration-ms="5538" started-at="2018-11-12T08:22:12Z" data-provider="getTestData" finished-at="2018-11-12T08:22:17Z">
          <params>
            <param index="0">
              <value>
                <![CDATA[SP4]]>
              </value>
            </param>
            <param index="1">
              <value>
                <![CDATA[SHRI ISHAR ALLOY STEEL LTD]]>
              </value>
            </param>
          </params>
          <reporter-output>
          </reporter-output>
        </test-method> <!-- function1 -->
        <test-method status="PASS" signature="function1(java.lang.String, java.lang.String)[pri:0, instance:com.mca.extraction.CinFinal1@146ba0ac]" name="function1" duration-ms="6003" started-at="2018-11-12T08:22:17Z" data-provider="getTestData" finished-at="2018-11-12T08:22:23Z">
          <params>
            <param index="0">
              <value>
                <![CDATA[SP4]]>
              </value>
            </param>
            <param index="1">
              <value>
                <![CDATA[THE MEGA CITY COOP URBAN BANK LTD]]>
              </value>
            </param>
          </params>
          <reporter-output>
          </reporter-output>
        </test-method> <!-- function1 -->
        <test-method status="PASS" signature="function1(java.lang.String, java.lang.String)[pri:0, instance:com.mca.extraction.CinFinal1@146ba0ac]" name="function1" duration-ms="4807" started-at="2018-11-12T08:22:23Z" data-provider="getTestData" finished-at="2018-11-12T08:22:28Z">
          <params>
            <param index="0">
              <value>
                <![CDATA[SP4]]>
              </value>
            </param>
            <param index="1">
              <value>
                <![CDATA[SHRI KESHAV TRANSPORT]]>
              </value>
            </param>
          </params>
          <reporter-output>
          </reporter-output>
        </test-method> <!-- function1 -->
        <test-method status="PASS" signature="function1(java.lang.String, java.lang.String)[pri:0, instance:com.mca.extraction.CinFinal1@146ba0ac]" name="function1" duration-ms="4475" started-at="2018-11-12T08:22:28Z" data-provider="getTestData" finished-at="2018-11-12T08:22:32Z">
          <params>
            <param index="0">
              <value>
                <![CDATA[SP4]]>
              </value>
            </param>
            <param index="1">
              <value>
                <![CDATA[SHVAM PRINTS AND PUBLISHERS LTD]]>
              </value>
            </param>
          </params>
          <reporter-output>
          </reporter-output>
        </test-method> <!-- function1 -->
        <test-method status="PASS" signature="function1(java.lang.String, java.lang.String)[pri:0, instance:com.mca.extraction.CinFinal1@146ba0ac]" name="function1" duration-ms="5082" started-at="2018-11-12T08:22:32Z" data-provider="getTestData" finished-at="2018-11-12T08:22:38Z">
          <params>
            <param index="0">
              <value>
                <![CDATA[SP4]]>
              </value>
            </param>
            <param index="1">
              <value>
                <![CDATA[SHYAM JAI SINGH AND CO]]>
              </value>
            </param>
          </params>
          <reporter-output>
          </reporter-output>
        </test-method> <!-- function1 -->
        <test-method status="PASS" signature="function1(java.lang.String, java.lang.String)[pri:0, instance:com.mca.extraction.CinFinal1@146ba0ac]" name="function1" duration-ms="18953" started-at="2018-11-12T08:22:38Z" data-provider="getTestData" finished-at="2018-11-12T08:22:56Z">
          <params>
            <param index="0">
              <value>
                <![CDATA[SP4]]>
              </value>
            </param>
            <param index="1">
              <value>
                <![CDATA[SHYAM M JAISINGH]]>
              </value>
            </param>
          </params>
          <reporter-output>
          </reporter-output>
        </test-method> <!-- function1 -->
        <test-method status="PASS" signature="function1(java.lang.String, java.lang.String)[pri:0, instance:com.mca.extraction.CinFinal1@146ba0ac]" name="function1" duration-ms="4476" started-at="2018-11-12T08:22:56Z" data-provider="getTestData" finished-at="2018-11-12T08:23:01Z">
          <params>
            <param index="0">
              <value>
                <![CDATA[SP4]]>
              </value>
            </param>
            <param index="1">
              <value>
                <![CDATA[SIGMA]]>
              </value>
            </param>
          </params>
          <reporter-output>
          </reporter-output>
        </test-method> <!-- function1 -->
        <test-method status="PASS" signature="function1(java.lang.String, java.lang.String)[pri:0, instance:com.mca.extraction.CinFinal1@146ba0ac]" name="function1" duration-ms="5891" started-at="2018-11-12T08:23:01Z" data-provider="getTestData" finished-at="2018-11-12T08:23:07Z">
          <params>
            <param index="0">
              <value>
                <![CDATA[SP4]]>
              </value>
            </param>
            <param index="1">
              <value>
                <![CDATA[TRAVEL COMPANY]]>
              </value>
            </param>
          </params>
          <reporter-output>
          </reporter-output>
        </test-method> <!-- function1 -->
        <test-method status="PASS" signature="function1(java.lang.String, java.lang.String)[pri:0, instance:com.mca.extraction.CinFinal1@146ba0ac]" name="function1" duration-ms="5291" started-at="2018-11-12T08:23:07Z" data-provider="getTestData" finished-at="2018-11-12T08:23:12Z">
          <params>
            <param index="0">
              <value>
                <![CDATA[SP4]]>
              </value>
            </param>
            <param index="1">
              <value>
                <![CDATA[TRUEBOND P LTD 202 2ND FLR EKNATH COMPLEX]]>
              </value>
            </param>
          </params>
          <reporter-output>
          </reporter-output>
        </test-method> <!-- function1 -->
        <test-method status="PASS" signature="function1(java.lang.String, java.lang.String)[pri:0, instance:com.mca.extraction.CinFinal1@146ba0ac]" name="function1" duration-ms="6743" started-at="2018-11-12T08:23:12Z" data-provider="getTestData" finished-at="2018-11-12T08:23:19Z">
          <params>
            <param index="0">
              <value>
                <![CDATA[SP4]]>
              </value>
            </param>
            <param index="1">
              <value>
                <![CDATA[TS MAHALINGAM FINANCIAL SERVICES PVT LTD AUTOLINE]]>
              </value>
            </param>
          </params>
          <reporter-output>
          </reporter-output>
        </test-method> <!-- function1 -->
        <test-method status="PASS" signature="function1(java.lang.String, java.lang.String)[pri:0, instance:com.mca.extraction.CinFinal1@146ba0ac]" name="function1" duration-ms="5418" started-at="2018-11-12T08:23:19Z" data-provider="getTestData" finished-at="2018-11-12T08:23:24Z">
          <params>
            <param index="0">
              <value>
                <![CDATA[SP4]]>
              </value>
            </param>
            <param index="1">
              <value>
                <![CDATA[SINAI TRANSCRIPTIONS P LTD]]>
              </value>
            </param>
          </params>
          <reporter-output>
          </reporter-output>
        </test-method> <!-- function1 -->
        <test-method status="PASS" signature="function1(java.lang.String, java.lang.String)[pri:0, instance:com.mca.extraction.CinFinal1@146ba0ac]" name="function1" duration-ms="5825" started-at="2018-11-12T08:23:24Z" data-provider="getTestData" finished-at="2018-11-12T08:23:30Z">
          <params>
            <param index="0">
              <value>
                <![CDATA[SP4]]>
              </value>
            </param>
            <param index="1">
              <value>
                <![CDATA[TS MAHALINGAM FINANCIAL SERVICES PVT LTD SHELTERS]]>
              </value>
            </param>
          </params>
          <reporter-output>
          </reporter-output>
        </test-method> <!-- function1 -->
        <test-method status="PASS" signature="function1(java.lang.String, java.lang.String)[pri:0, instance:com.mca.extraction.CinFinal1@146ba0ac]" name="function1" duration-ms="5078" started-at="2018-11-12T08:23:30Z" data-provider="getTestData" finished-at="2018-11-12T08:23:35Z">
          <params>
            <param index="0">
              <value>
                <![CDATA[SP4]]>
              </value>
            </param>
            <param index="1">
              <value>
                <![CDATA[SINRISE OLEO CHEMICALS LTD]]>
              </value>
            </param>
          </params>
          <reporter-output>
          </reporter-output>
        </test-method> <!-- function1 -->
        <test-method status="PASS" signature="function1(java.lang.String, java.lang.String)[pri:0, instance:com.mca.extraction.CinFinal1@146ba0ac]" name="function1" duration-ms="5183" started-at="2018-11-12T08:23:35Z" data-provider="getTestData" finished-at="2018-11-12T08:23:40Z">
          <params>
            <param index="0">
              <value>
                <![CDATA[SP4]]>
              </value>
            </param>
            <param index="1">
              <value>
                <![CDATA[TSM]]>
              </value>
            </param>
          </params>
          <reporter-output>
          </reporter-output>
        </test-method> <!-- function1 -->
        <test-method status="PASS" signature="function1(java.lang.String, java.lang.String)[pri:0, instance:com.mca.extraction.CinFinal1@146ba0ac]" name="function1" duration-ms="5606" started-at="2018-11-12T08:23:40Z" data-provider="getTestData" finished-at="2018-11-12T08:23:46Z">
          <params>
            <param index="0">
              <value>
                <![CDATA[SP4]]>
              </value>
            </param>
            <param index="1">
              <value>
                <![CDATA[SITARA COOP BANK]]>
              </value>
            </param>
          </params>
          <reporter-output>
          </reporter-output>
        </test-method> <!-- function1 -->
        <test-method status="PASS" signature="function1(java.lang.String, java.lang.String)[pri:0, instance:com.mca.extraction.CinFinal1@146ba0ac]" name="function1" duration-ms="5105" started-at="2018-11-12T08:23:46Z" data-provider="getTestData" finished-at="2018-11-12T08:23:51Z">
          <params>
            <param index="0">
              <value>
                <![CDATA[SP4]]>
              </value>
            </param>
            <param index="1">
              <value>
                <![CDATA[SITARA COOPERATIVE BANK]]>
              </value>
            </param>
          </params>
          <reporter-output>
          </reporter-output>
        </test-method> <!-- function1 -->
        <test-method status="PASS" signature="function1(java.lang.String, java.lang.String)[pri:0, instance:com.mca.extraction.CinFinal1@146ba0ac]" name="function1" duration-ms="18967" started-at="2018-11-12T08:23:51Z" data-provider="getTestData" finished-at="2018-11-12T08:24:10Z">
          <params>
            <param index="0">
              <value>
                <![CDATA[SP4]]>
              </value>
            </param>
            <param index="1">
              <value>
                <![CDATA[UMA MAHESWAR RAO]]>
              </value>
            </param>
          </params>
          <reporter-output>
          </reporter-output>
        </test-method> <!-- function1 -->
        <test-method status="PASS" signature="function1(java.lang.String, java.lang.String)[pri:0, instance:com.mca.extraction.CinFinal1@146ba0ac]" name="function1" duration-ms="4512" started-at="2018-11-12T08:24:10Z" data-provider="getTestData" finished-at="2018-11-12T08:24:15Z">
          <params>
            <param index="0">
              <value>
                <![CDATA[SP4]]>
              </value>
            </param>
            <param index="1">
              <value>
                <![CDATA[UMB]]>
              </value>
            </param>
          </params>
          <reporter-output>
          </reporter-output>
        </test-method> <!-- function1 -->
        <test-method status="PASS" signature="function1(java.lang.String, java.lang.String)[pri:0, instance:com.mca.extraction.CinFinal1@146ba0ac]" name="function1" duration-ms="4519" started-at="2018-11-12T08:24:15Z" data-provider="getTestData" finished-at="2018-11-12T08:24:19Z">
          <params>
            <param index="0">
              <value>
                <![CDATA[SP4]]>
              </value>
            </param>
            <param index="1">
              <value>
                <![CDATA[UNICAR]]>
              </value>
            </param>
          </params>
          <reporter-output>
          </reporter-output>
        </test-method> <!-- function1 -->
        <test-method status="PASS" signature="function1(java.lang.String, java.lang.String)[pri:0, instance:com.mca.extraction.CinFinal1@146ba0ac]" name="function1" duration-ms="4600" started-at="2018-11-12T08:24:19Z" data-provider="getTestData" finished-at="2018-11-12T08:24:24Z">
          <params>
            <param index="0">
              <value>
                <![CDATA[SP4]]>
              </value>
            </param>
            <param index="1">
              <value>
                <![CDATA[SM FINANCE]]>
              </value>
            </param>
          </params>
          <reporter-output>
          </reporter-output>
        </test-method> <!-- function1 -->
        <test-method status="PASS" signature="function1(java.lang.String, java.lang.String)[pri:0, instance:com.mca.extraction.CinFinal1@146ba0ac]" name="function1" duration-ms="5413" started-at="2018-11-12T08:24:24Z" data-provider="getTestData" finished-at="2018-11-12T08:24:29Z">
          <params>
            <param index="0">
              <value>
                <![CDATA[SP4]]>
              </value>
            </param>
            <param index="1">
              <value>
                <![CDATA[SMITH STAINSTREET PHARMACEUTICALS L]]>
              </value>
            </param>
          </params>
          <reporter-output>
          </reporter-output>
        </test-method> <!-- function1 -->
        <test-method status="PASS" signature="function1(java.lang.String, java.lang.String)[pri:0, instance:com.mca.extraction.CinFinal1@146ba0ac]" name="function1" duration-ms="4583" started-at="2018-11-12T08:24:29Z" data-provider="getTestData" finished-at="2018-11-12T08:24:34Z">
          <params>
            <param index="0">
              <value>
                <![CDATA[SP4]]>
              </value>
            </param>
            <param index="1">
              <value>
                <![CDATA[UNIQUE FASHIONS]]>
              </value>
            </param>
          </params>
          <reporter-output>
          </reporter-output>
        </test-method> <!-- function1 -->
        <test-method status="PASS" signature="function1(java.lang.String, java.lang.String)[pri:0, instance:com.mca.extraction.CinFinal1@146ba0ac]" name="function1" duration-ms="4504" started-at="2018-11-12T08:24:34Z" data-provider="getTestData" finished-at="2018-11-12T08:24:38Z">
          <params>
            <param index="0">
              <value>
                <![CDATA[SP4]]>
              </value>
            </param>
            <param index="1">
              <value>
                <![CDATA[SOFTRAK TECH EXPORTS LTD]]>
              </value>
            </param>
          </params>
          <reporter-output>
          </reporter-output>
        </test-method> <!-- function1 -->
        <test-method status="PASS" signature="function1(java.lang.String, java.lang.String)[pri:0, instance:com.mca.extraction.CinFinal1@146ba0ac]" name="function1" duration-ms="5081" started-at="2018-11-12T08:24:38Z" data-provider="getTestData" finished-at="2018-11-12T08:24:43Z">
          <params>
            <param index="0">
              <value>
                <![CDATA[SP4]]>
              </value>
            </param>
            <param index="1">
              <value>
                <![CDATA[SOL LTD]]>
              </value>
            </param>
          </params>
          <reporter-output>
          </reporter-output>
        </test-method> <!-- function1 -->
        <test-method status="PASS" signature="function1(java.lang.String, java.lang.String)[pri:0, instance:com.mca.extraction.CinFinal1@146ba0ac]" name="function1" duration-ms="5146" started-at="2018-11-12T08:24:43Z" data-provider="getTestData" finished-at="2018-11-12T08:24:48Z">
          <params>
            <param index="0">
              <value>
                <![CDATA[SP4]]>
              </value>
            </param>
            <param index="1">
              <value>
                <![CDATA[SOLAPUR ZILLA MAHILA SAHAKARI BANK LTD]]>
              </value>
            </param>
          </params>
          <reporter-output>
          </reporter-output>
        </test-method> <!-- function1 -->
        <test-method status="PASS" signature="function1(java.lang.String, java.lang.String)[pri:0, instance:com.mca.extraction.CinFinal1@146ba0ac]" name="function1" duration-ms="4723" started-at="2018-11-12T08:24:48Z" data-provider="getTestData" finished-at="2018-11-12T08:24:53Z">
          <params>
            <param index="0">
              <value>
                <![CDATA[SP4]]>
              </value>
            </param>
            <param index="1">
              <value>
                <![CDATA[UNITED CAPITAL SOLUTIONS]]>
              </value>
            </param>
          </params>
          <reporter-output>
          </reporter-output>
        </test-method> <!-- function1 -->
        <test-method status="PASS" signature="function1(java.lang.String, java.lang.String)[pri:0, instance:com.mca.extraction.CinFinal1@146ba0ac]" name="function1" duration-ms="5380" started-at="2018-11-12T08:24:53Z" data-provider="getTestData" finished-at="2018-11-12T08:24:59Z">
          <params>
            <param index="0">
              <value>
                <![CDATA[SP4]]>
              </value>
            </param>
            <param index="1">
              <value>
                <![CDATA[SOOD TRANSPORT]]>
              </value>
            </param>
          </params>
          <reporter-output>
          </reporter-output>
        </test-method> <!-- function1 -->
        <test-method status="PASS" signature="function1(java.lang.String, java.lang.String)[pri:0, instance:com.mca.extraction.CinFinal1@146ba0ac]" name="function1" duration-ms="24946" started-at="2018-11-12T08:24:59Z" data-provider="getTestData" finished-at="2018-11-12T08:25:23Z">
          <params>
            <param index="0">
              <value>
                <![CDATA[SP4]]>
              </value>
            </param>
            <param index="1">
              <value>
                <![CDATA[UNITED NATIONS UNIVERSITY]]>
              </value>
            </param>
          </params>
          <reporter-output>
          </reporter-output>
        </test-method> <!-- function1 -->
        <test-method status="PASS" signature="function1(java.lang.String, java.lang.String)[pri:0, instance:com.mca.extraction.CinFinal1@146ba0ac]" name="function1" duration-ms="10925" started-at="2018-11-12T08:25:24Z" data-provider="getTestData" finished-at="2018-11-12T08:25:34Z">
          <params>
            <param index="0">
              <value>
                <![CDATA[SP4]]>
              </value>
            </param>
            <param index="1">
              <value>
                <![CDATA[SOUTH BENGAL ROADWAYS]]>
              </value>
            </param>
          </params>
          <reporter-output>
          </reporter-output>
        </test-method> <!-- function1 -->
        <test-method status="PASS" signature="function1(java.lang.String, java.lang.String)[pri:0, instance:com.mca.extraction.CinFinal1@146ba0ac]" name="function1" duration-ms="9131" started-at="2018-11-12T08:25:34Z" data-provider="getTestData" finished-at="2018-11-12T08:25:44Z">
          <params>
            <param index="0">
              <value>
                <![CDATA[SP4]]>
              </value>
            </param>
            <param index="1">
              <value>
                <![CDATA[SOUTH INDIA VISCOSE]]>
              </value>
            </param>
          </params>
          <reporter-output>
          </reporter-output>
        </test-method> <!-- function1 -->
        <test-method status="PASS" signature="function1(java.lang.String, java.lang.String)[pri:0, instance:com.mca.extraction.CinFinal1@146ba0ac]" name="function1" duration-ms="9904" started-at="2018-11-12T08:25:44Z" data-provider="getTestData" finished-at="2018-11-12T08:25:53Z">
          <params>
            <param index="0">
              <value>
                <![CDATA[SP4]]>
              </value>
            </param>
            <param index="1">
              <value>
                <![CDATA[SOUTHERN FINSERVE PVT LTD DSA]]>
              </value>
            </param>
          </params>
          <reporter-output>
          </reporter-output>
        </test-method> <!-- function1 -->
        <test-method status="PASS" signature="function1(java.lang.String, java.lang.String)[pri:0, instance:com.mca.extraction.CinFinal1@146ba0ac]" name="function1" duration-ms="9982" started-at="2018-11-12T08:25:53Z" data-provider="getTestData" finished-at="2018-11-12T08:26:03Z">
          <params>
            <param index="0">
              <value>
                <![CDATA[SP4]]>
              </value>
            </param>
            <param index="1">
              <value>
                <![CDATA[UNIVERSAL VITA ALIMENTARE LTD]]>
              </value>
            </param>
          </params>
          <reporter-output>
          </reporter-output>
        </test-method> <!-- function1 -->
        <test-method status="PASS" signature="function1(java.lang.String, java.lang.String)[pri:0, instance:com.mca.extraction.CinFinal1@146ba0ac]" name="function1" duration-ms="9978" started-at="2018-11-12T08:26:03Z" data-provider="getTestData" finished-at="2018-11-12T08:26:13Z">
          <params>
            <param index="0">
              <value>
                <![CDATA[SP4]]>
              </value>
            </param>
            <param index="1">
              <value>
                <![CDATA[URBAN INDUSTRIAL COOPERATIVE BANK LTD]]>
              </value>
            </param>
          </params>
          <reporter-output>
          </reporter-output>
        </test-method> <!-- function1 -->
        <test-method status="PASS" signature="function1(java.lang.String, java.lang.String)[pri:0, instance:com.mca.extraction.CinFinal1@146ba0ac]" name="function1" duration-ms="10984" started-at="2018-11-12T08:26:13Z" data-provider="getTestData" finished-at="2018-11-12T08:26:24Z">
          <params>
            <param index="0">
              <value>
                <![CDATA[SP4]]>
              </value>
            </param>
            <param index="1">
              <value>
                <![CDATA[UTI 2000]]>
              </value>
            </param>
          </params>
          <reporter-output>
          </reporter-output>
        </test-method> <!-- function1 -->
        <test-method status="PASS" signature="function1(java.lang.String, java.lang.String)[pri:0, instance:com.mca.extraction.CinFinal1@146ba0ac]" name="function1" duration-ms="10001" started-at="2018-11-12T08:26:24Z" data-provider="getTestData" finished-at="2018-11-12T08:26:34Z">
          <params>
            <param index="0">
              <value>
                <![CDATA[SP4]]>
              </value>
            </param>
            <param index="1">
              <value>
                <![CDATA[UTKARSH SALES AND MARKETING P LTD]]>
              </value>
            </param>
          </params>
          <reporter-output>
          </reporter-output>
        </test-method> <!-- function1 -->
        <test-method status="PASS" signature="function1(java.lang.String, java.lang.String)[pri:0, instance:com.mca.extraction.CinFinal1@146ba0ac]" name="function1" duration-ms="10063" started-at="2018-11-12T08:26:34Z" data-provider="getTestData" finished-at="2018-11-12T08:26:44Z">
          <params>
            <param index="0">
              <value>
                <![CDATA[SP4]]>
              </value>
            </param>
            <param index="1">
              <value>
                <![CDATA[SPARKLE FOODS LTD]]>
              </value>
            </param>
          </params>
          <reporter-output>
          </reporter-output>
        </test-method> <!-- function1 -->
        <test-method status="PASS" signature="function1(java.lang.String, java.lang.String)[pri:0, instance:com.mca.extraction.CinFinal1@146ba0ac]" name="function1" duration-ms="9973" started-at="2018-11-12T08:26:44Z" data-provider="getTestData" finished-at="2018-11-12T08:26:54Z">
          <params>
            <param index="0">
              <value>
                <![CDATA[SP4]]>
              </value>
            </param>
            <param index="1">
              <value>
                <![CDATA[UTTAR PRADESH VISHWAVIDYALAYA KOSI KALAN]]>
              </value>
            </param>
          </params>
          <reporter-output>
          </reporter-output>
        </test-method> <!-- function1 -->
        <test-method status="PASS" signature="function1(java.lang.String, java.lang.String)[pri:0, instance:com.mca.extraction.CinFinal1@146ba0ac]" name="function1" duration-ms="9958" started-at="2018-11-12T08:26:54Z" data-provider="getTestData" finished-at="2018-11-12T08:27:04Z">
          <params>
            <param index="0">
              <value>
                <![CDATA[SP4]]>
              </value>
            </param>
            <param index="1">
              <value>
                <![CDATA[V B ASSOCIATES]]>
              </value>
            </param>
          </params>
          <reporter-output>
          </reporter-output>
        </test-method> <!-- function1 -->
        <test-method status="PASS" signature="function1(java.lang.String, java.lang.String)[pri:0, instance:com.mca.extraction.CinFinal1@146ba0ac]" name="function1" duration-ms="10001" started-at="2018-11-12T08:27:04Z" data-provider="getTestData" finished-at="2018-11-12T08:27:14Z">
          <params>
            <param index="0">
              <value>
                <![CDATA[SP4]]>
              </value>
            </param>
            <param index="1">
              <value>
                <![CDATA[V M S ASSOCIATES]]>
              </value>
            </param>
          </params>
          <reporter-output>
          </reporter-output>
        </test-method> <!-- function1 -->
        <test-method status="PASS" signature="function1(java.lang.String, java.lang.String)[pri:0, instance:com.mca.extraction.CinFinal1@146ba0ac]" name="function1" duration-ms="23861" started-at="2018-11-12T08:27:14Z" data-provider="getTestData" finished-at="2018-11-12T08:27:38Z">
          <params>
            <param index="0">
              <value>
                <![CDATA[SP4]]>
              </value>
            </param>
            <param index="1">
              <value>
                <![CDATA[SPORT18]]>
              </value>
            </param>
          </params>
          <reporter-output>
          </reporter-output>
        </test-method> <!-- function1 -->
        <test-method status="PASS" signature="function1(java.lang.String, java.lang.String)[pri:0, instance:com.mca.extraction.CinFinal1@146ba0ac]" name="function1" duration-ms="23983" started-at="2018-11-12T08:27:38Z" data-provider="getTestData" finished-at="2018-11-12T08:28:02Z">
          <params>
            <param index="0">
              <value>
                <![CDATA[SP4]]>
              </value>
            </param>
            <param index="1">
              <value>
                <![CDATA[SQUARE D BEVERAGES LTD]]>
              </value>
            </param>
          </params>
          <reporter-output>
          </reporter-output>
        </test-method> <!-- function1 -->
        <test-method status="PASS" signature="function1(java.lang.String, java.lang.String)[pri:0, instance:com.mca.extraction.CinFinal1@146ba0ac]" name="function1" duration-ms="25459" started-at="2018-11-12T08:28:02Z" data-provider="getTestData" finished-at="2018-11-12T08:28:28Z">
          <params>
            <param index="0">
              <value>
                <![CDATA[SP4]]>
              </value>
            </param>
            <param index="1">
              <value>
                <![CDATA[VARANASEYA SANSKRIT VISHWAVIDYALAYA VARANASI UP]]>
              </value>
            </param>
          </params>
          <reporter-output>
          </reporter-output>
        </test-method> <!-- function1 -->
        <test-method status="PASS" signature="function1(java.lang.String, java.lang.String)[pri:0, instance:com.mca.extraction.CinFinal1@146ba0ac]" name="function1" duration-ms="10686" started-at="2018-11-12T08:28:28Z" data-provider="getTestData" finished-at="2018-11-12T08:28:38Z">
          <params>
            <param index="0">
              <value>
                <![CDATA[SP4]]>
              </value>
            </param>
            <param index="1">
              <value>
                <![CDATA[VARDAMAN SAHAKARI BANK]]>
              </value>
            </param>
          </params>
          <reporter-output>
          </reporter-output>
        </test-method> <!-- function1 -->
        <test-method status="PASS" signature="function1(java.lang.String, java.lang.String)[pri:0, instance:com.mca.extraction.CinFinal1@146ba0ac]" name="function1" duration-ms="23828" started-at="2018-11-12T08:28:38Z" data-provider="getTestData" finished-at="2018-11-12T08:29:02Z">
          <params>
            <param index="0">
              <value>
                <![CDATA[SP4]]>
              </value>
            </param>
            <param index="1">
              <value>
                <![CDATA[VARMA PRASHANT AND ASSOCIATES]]>
              </value>
            </param>
          </params>
          <reporter-output>
          </reporter-output>
        </test-method> <!-- function1 -->
        <test-method status="PASS" signature="function1(java.lang.String, java.lang.String)[pri:0, instance:com.mca.extraction.CinFinal1@146ba0ac]" name="function1" duration-ms="11165" started-at="2018-11-12T08:29:02Z" data-provider="getTestData" finished-at="2018-11-12T08:29:13Z">
          <params>
            <param index="0">
              <value>
                <![CDATA[SP4]]>
              </value>
            </param>
            <param index="1">
              <value>
                <![CDATA[SRI RAM ENTERPRISES]]>
              </value>
            </param>
          </params>
          <reporter-output>
          </reporter-output>
        </test-method> <!-- function1 -->
        <test-method status="PASS" signature="function1(java.lang.String, java.lang.String)[pri:0, instance:com.mca.extraction.CinFinal1@146ba0ac]" name="function1" duration-ms="9998" started-at="2018-11-12T08:29:13Z" data-provider="getTestData" finished-at="2018-11-12T08:29:23Z">
          <params>
            <param index="0">
              <value>
                <![CDATA[SP4]]>
              </value>
            </param>
            <param index="1">
              <value>
                <![CDATA[VARSAL CREDITS]]>
              </value>
            </param>
          </params>
          <reporter-output>
          </reporter-output>
        </test-method> <!-- function1 -->
        <test-method status="PASS" signature="function1(java.lang.String, java.lang.String)[pri:0, instance:com.mca.extraction.CinFinal1@146ba0ac]" name="function1" duration-ms="10006" started-at="2018-11-12T08:29:23Z" data-provider="getTestData" finished-at="2018-11-12T08:29:33Z">
          <params>
            <param index="0">
              <value>
                <![CDATA[SP4]]>
              </value>
            </param>
            <param index="1">
              <value>
                <![CDATA[VASANT SAHAKARI BANK LTD]]>
              </value>
            </param>
          </params>
          <reporter-output>
          </reporter-output>
        </test-method> <!-- function1 -->
        <test-method status="PASS" signature="function1(java.lang.String, java.lang.String)[pri:0, instance:com.mca.extraction.CinFinal1@146ba0ac]" name="function1" duration-ms="9109" started-at="2018-11-12T08:29:33Z" data-provider="getTestData" finished-at="2018-11-12T08:29:43Z">
          <params>
            <param index="0">
              <value>
                <![CDATA[SP4]]>
              </value>
            </param>
            <param index="1">
              <value>
                <![CDATA[SRI YOGALAKSHMI ASSOCIATES]]>
              </value>
            </param>
          </params>
          <reporter-output>
          </reporter-output>
        </test-method> <!-- function1 -->
        <test-method status="PASS" signature="function1(java.lang.String, java.lang.String)[pri:0, instance:com.mca.extraction.CinFinal1@146ba0ac]" name="function1" duration-ms="9915" started-at="2018-11-12T08:29:43Z" data-provider="getTestData" finished-at="2018-11-12T08:29:52Z">
          <params>
            <param index="0">
              <value>
                <![CDATA[SP4]]>
              </value>
            </param>
            <param index="1">
              <value>
                <![CDATA[SRIMAN ORGANIC CHE IND LTD]]>
              </value>
            </param>
          </params>
          <reporter-output>
          </reporter-output>
        </test-method> <!-- function1 -->
        <test-method status="PASS" signature="function1(java.lang.String, java.lang.String)[pri:0, instance:com.mca.extraction.CinFinal1@146ba0ac]" name="function1" duration-ms="11974" started-at="2018-11-12T08:29:52Z" data-provider="getTestData" finished-at="2018-11-12T08:30:04Z">
          <params>
            <param index="0">
              <value>
                <![CDATA[SP4]]>
              </value>
            </param>
            <param index="1">
              <value>
                <![CDATA[SSTELLA SILKS LTD]]>
              </value>
            </param>
          </params>
          <reporter-output>
          </reporter-output>
        </test-method> <!-- function1 -->
        <test-method status="PASS" signature="function1(java.lang.String, java.lang.String)[pri:0, instance:com.mca.extraction.CinFinal1@146ba0ac]" name="function1" duration-ms="11000" started-at="2018-11-12T08:30:04Z" data-provider="getTestData" finished-at="2018-11-12T08:30:15Z">
          <params>
            <param index="0">
              <value>
                <![CDATA[SP4]]>
              </value>
            </param>
            <param index="1">
              <value>
                <![CDATA[VENUS SUGAR LTD]]>
              </value>
            </param>
          </params>
          <reporter-output>
          </reporter-output>
        </test-method> <!-- function1 -->
        <test-method status="PASS" signature="function1(java.lang.String, java.lang.String)[pri:0, instance:com.mca.extraction.CinFinal1@146ba0ac]" name="function1" duration-ms="11000" started-at="2018-11-12T08:30:15Z" data-provider="getTestData" finished-at="2018-11-12T08:30:26Z">
          <params>
            <param index="0">
              <value>
                <![CDATA[SP4]]>
              </value>
            </param>
            <param index="1">
              <value>
                <![CDATA[ST JHON S UNIVERSITY KISHANTTAM]]>
              </value>
            </param>
          </params>
          <reporter-output>
          </reporter-output>
        </test-method> <!-- function1 -->
        <test-method status="PASS" signature="function1(java.lang.String, java.lang.String)[pri:0, instance:com.mca.extraction.CinFinal1@146ba0ac]" name="function1" duration-ms="9011" started-at="2018-11-12T08:30:26Z" data-provider="getTestData" finished-at="2018-11-12T08:30:35Z">
          <params>
            <param index="0">
              <value>
                <![CDATA[SP4]]>
              </value>
            </param>
            <param index="1">
              <value>
                <![CDATA[VERAVAL RATNAKAR COOPERATIVE BANK LTD]]>
              </value>
            </param>
          </params>
          <reporter-output>
          </reporter-output>
        </test-method> <!-- function1 -->
        <test-method status="PASS" signature="function1(java.lang.String, java.lang.String)[pri:0, instance:com.mca.extraction.CinFinal1@146ba0ac]" name="function1" duration-ms="10741" started-at="2018-11-12T08:30:35Z" data-provider="getTestData" finished-at="2018-11-12T08:30:46Z">
          <params>
            <param index="0">
              <value>
                <![CDATA[SP4]]>
              </value>
            </param>
            <param index="1">
              <value>
                <![CDATA[STAFF SUPLEMENTION GROUP P LTD 52/8 LAKSHMI STUD]]>
              </value>
            </param>
          </params>
          <reporter-output>
          </reporter-output>
        </test-method> <!-- function1 -->
        <test-method status="PASS" signature="function1(java.lang.String, java.lang.String)[pri:0, instance:com.mca.extraction.CinFinal1@146ba0ac]" name="function1" duration-ms="10241" started-at="2018-11-12T08:30:46Z" data-provider="getTestData" finished-at="2018-11-12T08:30:56Z">
          <params>
            <param index="0">
              <value>
                <![CDATA[SP4]]>
              </value>
            </param>
            <param index="1">
              <value>
                <![CDATA[VIBGYOR ASSOCIATES]]>
              </value>
            </param>
          </params>
          <reporter-output>
          </reporter-output>
        </test-method> <!-- function1 -->
        <test-method status="PASS" signature="function1(java.lang.String, java.lang.String)[pri:0, instance:com.mca.extraction.CinFinal1@146ba0ac]" name="function1" duration-ms="10999" started-at="2018-11-12T08:30:56Z" data-provider="getTestData" finished-at="2018-11-12T08:31:07Z">
          <params>
            <param index="0">
              <value>
                <![CDATA[SP4]]>
              </value>
            </param>
            <param index="1">
              <value>
                <![CDATA[VIDIANI AGROTECH INDUSTRIES LTD]]>
              </value>
            </param>
          </params>
          <reporter-output>
          </reporter-output>
        </test-method> <!-- function1 -->
        <test-method status="PASS" signature="function1(java.lang.String, java.lang.String)[pri:0, instance:com.mca.extraction.CinFinal1@146ba0ac]" name="function1" duration-ms="10033" started-at="2018-11-12T08:31:07Z" data-provider="getTestData" finished-at="2018-11-12T08:31:17Z">
          <params>
            <param index="0">
              <value>
                <![CDATA[SP4]]>
              </value>
            </param>
            <param index="1">
              <value>
                <![CDATA[STAR SERVICES]]>
              </value>
            </param>
          </params>
          <reporter-output>
          </reporter-output>
        </test-method> <!-- function1 -->
        <test-method status="PASS" signature="function1(java.lang.String, java.lang.String)[pri:0, instance:com.mca.extraction.CinFinal1@146ba0ac]" name="function1" duration-ms="8975" started-at="2018-11-12T08:31:17Z" data-provider="getTestData" finished-at="2018-11-12T08:31:26Z">
          <params>
            <param index="0">
              <value>
                <![CDATA[SP4]]>
              </value>
            </param>
            <param index="1">
              <value>
                <![CDATA[VIJI CONSULTANCY]]>
              </value>
            </param>
          </params>
          <reporter-output>
          </reporter-output>
        </test-method> <!-- function1 -->
        <test-method status="PASS" signature="function1(java.lang.String, java.lang.String)[pri:0, instance:com.mca.extraction.CinFinal1@146ba0ac]" name="function1" duration-ms="9026" started-at="2018-11-12T08:31:26Z" data-provider="getTestData" finished-at="2018-11-12T08:31:35Z">
          <params>
            <param index="0">
              <value>
                <![CDATA[SP4]]>
              </value>
            </param>
            <param index="1">
              <value>
                <![CDATA[VIMLA COOP BANK]]>
              </value>
            </param>
          </params>
          <reporter-output>
          </reporter-output>
        </test-method> <!-- function1 -->
        <test-method status="PASS" signature="function1(java.lang.String, java.lang.String)[pri:0, instance:com.mca.extraction.CinFinal1@146ba0ac]" name="function1" duration-ms="37494" started-at="2018-11-12T08:31:35Z" data-provider="getTestData" finished-at="2018-11-12T08:32:13Z">
          <params>
            <param index="0">
              <value>
                <![CDATA[SP4]]>
              </value>
            </param>
            <param index="1">
              <value>
                <![CDATA[VINAY DWIVEDI]]>
              </value>
            </param>
          </params>
          <reporter-output>
          </reporter-output>
        </test-method> <!-- function1 -->
        <test-method status="PASS" signature="function1(java.lang.String, java.lang.String)[pri:0, instance:com.mca.extraction.CinFinal1@146ba0ac]" name="function1" duration-ms="10464" started-at="2018-11-12T08:32:13Z" data-provider="getTestData" finished-at="2018-11-12T08:32:23Z">
          <params>
            <param index="0">
              <value>
                <![CDATA[SP4]]>
              </value>
            </param>
            <param index="1">
              <value>
                <![CDATA[SUCHIT SEN AND CO]]>
              </value>
            </param>
          </params>
          <reporter-output>
          </reporter-output>
        </test-method> <!-- function1 -->
        <test-method status="PASS" signature="function1(java.lang.String, java.lang.String)[pri:0, instance:com.mca.extraction.CinFinal1@146ba0ac]" name="function1" duration-ms="9033" started-at="2018-11-12T08:32:23Z" data-provider="getTestData" finished-at="2018-11-12T08:32:32Z">
          <params>
            <param index="0">
              <value>
                <![CDATA[SP4]]>
              </value>
            </param>
            <param index="1">
              <value>
                <![CDATA[SUDARSANAM AND ASSOCIATES]]>
              </value>
            </param>
          </params>
          <reporter-output>
          </reporter-output>
        </test-method> <!-- function1 -->
        <test-method status="PASS" signature="function1(java.lang.String, java.lang.String)[pri:0, instance:com.mca.extraction.CinFinal1@146ba0ac]" name="function1" duration-ms="10970" started-at="2018-11-12T08:32:32Z" data-provider="getTestData" finished-at="2018-11-12T08:32:43Z">
          <params>
            <param index="0">
              <value>
                <![CDATA[SP4]]>
              </value>
            </param>
            <param index="1">
              <value>
                <![CDATA[SUNSEA ADVISORY SERVICES 11 SINDUR NEST GRND F]]>
              </value>
            </param>
          </params>
          <reporter-output>
          </reporter-output>
        </test-method> <!-- function1 -->
        <test-method status="PASS" signature="function1(java.lang.String, java.lang.String)[pri:0, instance:com.mca.extraction.CinFinal1@146ba0ac]" name="function1" duration-ms="9997" started-at="2018-11-12T08:32:43Z" data-provider="getTestData" finished-at="2018-11-12T08:32:53Z">
          <params>
            <param index="0">
              <value>
                <![CDATA[SP4]]>
              </value>
            </param>
            <param index="1">
              <value>
                <![CDATA[VISHNU CEMENT CO]]>
              </value>
            </param>
          </params>
          <reporter-output>
          </reporter-output>
        </test-method> <!-- function1 -->
        <test-method status="PASS" signature="function1(java.lang.String, java.lang.String)[pri:0, instance:com.mca.extraction.CinFinal1@146ba0ac]" name="function1" duration-ms="10995" started-at="2018-11-12T08:32:53Z" data-provider="getTestData" finished-at="2018-11-12T08:33:04Z">
          <params>
            <param index="0">
              <value>
                <![CDATA[SP4]]>
              </value>
            </param>
            <param index="1">
              <value>
                <![CDATA[SUPER BOYS GAMES LTDA CARRERA 40 NO 168 67 BOGOTA COLOMBIA; NIT # 830004047 5 COLOMBIA [SDNT]]]>
              </value>
            </param>
          </params>
          <reporter-output>
          </reporter-output>
        </test-method> <!-- function1 -->
        <test-method status="PASS" signature="function1(java.lang.String, java.lang.String)[pri:0, instance:com.mca.extraction.CinFinal1@146ba0ac]" name="function1" duration-ms="9999" started-at="2018-11-12T08:33:04Z" data-provider="getTestData" finished-at="2018-11-12T08:33:14Z">
          <params>
            <param index="0">
              <value>
                <![CDATA[SP4]]>
              </value>
            </param>
            <param index="1">
              <value>
                <![CDATA[VISHVIN ASSOCIATES]]>
              </value>
            </param>
          </params>
          <reporter-output>
          </reporter-output>
        </test-method> <!-- function1 -->
        <test-method status="PASS" signature="function1(java.lang.String, java.lang.String)[pri:0, instance:com.mca.extraction.CinFinal1@146ba0ac]" name="function1" duration-ms="11993" started-at="2018-11-12T08:33:14Z" data-provider="getTestData" finished-at="2018-11-12T08:33:26Z">
          <params>
            <param index="0">
              <value>
                <![CDATA[SP4]]>
              </value>
            </param>
            <param index="1">
              <value>
                <![CDATA[SUPREME SOLUTIONS]]>
              </value>
            </param>
          </params>
          <reporter-output>
          </reporter-output>
        </test-method> <!-- function1 -->
        <test-method status="PASS" signature="function1(java.lang.String, java.lang.String)[pri:0, instance:com.mca.extraction.CinFinal1@146ba0ac]" name="function1" duration-ms="23161" started-at="2018-11-12T08:33:26Z" data-provider="getTestData" finished-at="2018-11-12T08:33:50Z">
          <params>
            <param index="0">
              <value>
                <![CDATA[SP4]]>
              </value>
            </param>
            <param index="1">
              <value>
                <![CDATA[VISWA VISHWANI INSTITUTE OF SYSTEM AND MANAGEMENT]]>
              </value>
            </param>
          </params>
          <reporter-output>
          </reporter-output>
        </test-method> <!-- function1 -->
        <test-method status="PASS" signature="function1(java.lang.String, java.lang.String)[pri:0, instance:com.mca.extraction.CinFinal1@146ba0ac]" name="function1" duration-ms="9843" started-at="2018-11-12T08:33:50Z" data-provider="getTestData" finished-at="2018-11-12T08:33:59Z">
          <params>
            <param index="0">
              <value>
                <![CDATA[SP4]]>
              </value>
            </param>
            <param index="1">
              <value>
                <![CDATA[SUPRIYO BASU]]>
              </value>
            </param>
          </params>
          <reporter-output>
          </reporter-output>
        </test-method> <!-- function1 -->
        <test-method status="PASS" signature="function1(java.lang.String, java.lang.String)[pri:0, instance:com.mca.extraction.CinFinal1@146ba0ac]" name="function1" duration-ms="9042" started-at="2018-11-12T08:33:59Z" data-provider="getTestData" finished-at="2018-11-12T08:34:08Z">
          <params>
            <param index="0">
              <value>
                <![CDATA[SP4]]>
              </value>
            </param>
            <param index="1">
              <value>
                <![CDATA[SURESH BROS AND CO]]>
              </value>
            </param>
          </params>
          <reporter-output>
          </reporter-output>
        </test-method> <!-- function1 -->
        <test-method status="PASS" signature="function1(java.lang.String, java.lang.String)[pri:0, instance:com.mca.extraction.CinFinal1@146ba0ac]" name="function1" duration-ms="9950" started-at="2018-11-12T08:34:08Z" data-provider="getTestData" finished-at="2018-11-12T08:34:18Z">
          <params>
            <param index="0">
              <value>
                <![CDATA[SP4]]>
              </value>
            </param>
            <param index="1">
              <value>
                <![CDATA[VRINDA S JAISINGH]]>
              </value>
            </param>
          </params>
          <reporter-output>
          </reporter-output>
        </test-method> <!-- function1 -->
        <test-method status="PASS" signature="function1(java.lang.String, java.lang.String)[pri:0, instance:com.mca.extraction.CinFinal1@146ba0ac]" name="function1" duration-ms="10006" started-at="2018-11-12T08:34:18Z" data-provider="getTestData" finished-at="2018-11-12T08:34:28Z">
          <params>
            <param index="0">
              <value>
                <![CDATA[SP4]]>
              </value>
            </param>
            <param index="1">
              <value>
                <![CDATA[SURI CAPITAL AND LEASING LTD]]>
              </value>
            </param>
          </params>
          <reporter-output>
          </reporter-output>
        </test-method> <!-- function1 -->
        <test-method status="PASS" signature="function1(java.lang.String, java.lang.String)[pri:0, instance:com.mca.extraction.CinFinal1@146ba0ac]" name="function1" duration-ms="9044" started-at="2018-11-12T08:34:28Z" data-provider="getTestData" finished-at="2018-11-12T08:34:37Z">
          <params>
            <param index="0">
              <value>
                <![CDATA[SP4]]>
              </value>
            </param>
            <param index="1">
              <value>
                <![CDATA[WALIA AND WALIA]]>
              </value>
            </param>
          </params>
          <reporter-output>
          </reporter-output>
        </test-method> <!-- function1 -->
        <test-method status="PASS" signature="function1(java.lang.String, java.lang.String)[pri:0, instance:com.mca.extraction.CinFinal1@146ba0ac]" name="function1" duration-ms="9005" started-at="2018-11-12T08:34:37Z" data-provider="getTestData" finished-at="2018-11-12T08:34:46Z">
          <params>
            <param index="0">
              <value>
                <![CDATA[SP4]]>
              </value>
            </param>
            <param index="1">
              <value>
                <![CDATA[SCFS SERVICES]]>
              </value>
            </param>
          </params>
          <reporter-output>
          </reporter-output>
        </test-method> <!-- function1 -->
        <test-method status="PASS" signature="function1(java.lang.String, java.lang.String)[pri:0, instance:com.mca.extraction.CinFinal1@146ba0ac]" name="function1" duration-ms="22725" started-at="2018-11-12T08:34:46Z" data-provider="getTestData" finished-at="2018-11-12T08:35:09Z">
          <params>
            <param index="0">
              <value>
                <![CDATA[SP4]]>
              </value>
            </param>
            <param index="1">
              <value>
                <![CDATA[SCHOOL NET I LTD]]>
              </value>
            </param>
          </params>
          <reporter-output>
          </reporter-output>
        </test-method> <!-- function1 -->
        <test-method status="PASS" signature="function1(java.lang.String, java.lang.String)[pri:0, instance:com.mca.extraction.CinFinal1@146ba0ac]" name="function1" duration-ms="4948" started-at="2018-11-12T08:35:09Z" data-provider="getTestData" finished-at="2018-11-12T08:35:14Z">
          <params>
            <param index="0">
              <value>
                <![CDATA[SP4]]>
              </value>
            </param>
            <param index="1">
              <value>
                <![CDATA[WARDHMAN TRANSPORT]]>
              </value>
            </param>
          </params>
          <reporter-output>
          </reporter-output>
        </test-method> <!-- function1 -->
        <test-method status="PASS" signature="tearDown()[pri:0, instance:com.mca.extraction.CinFinal1@146ba0ac]" name="tearDown" is-config="true" duration-ms="871" started-at="2018-11-12T08:35:14Z" finished-at="2018-11-12T08:35:15Z">
          <reporter-output>
          </reporter-output>
        </test-method> <!-- tearDown -->
      </class> <!-- com.mca.extraction.CinFinal1 -->
    </test> <!-- Default test -->
  </suite> <!-- Default suite -->
</testng-results>
